<?xml version="1.0" encoding="UTF-8"?>
<!-- Generated by org.testng.reporters.JUnitReportReporter -->
<testsuite hostname="8b0d3bb065325d6" failures="0" tests="8" name="testcases.radiology_testcase" time="28.043" errors="0" timestamp="2025-02-26T14:22:30 IST" skipped="0">
  <testcase classname="testcases.radiology_testcase" name="verifyRadiologyModule" time="5.989"/>
  <testcase classname="testcases.radiology_testcase" name="verifyRadiologySubModules" time="2.559"/>
  <testcase classname="testcases.radiology_testcase" name="verifyUrlOfTheRadiologyModule" time="0.170"/>
  <testcase classname="testcases.radiology_testcase" name="verifyListRequestsComponents" time="12.239"/>
  <testcase classname="testcases.radiology_testcase" name="verifyNavigationToAnotherSubModuleAfterOpeningTheListRequestsSection" time="3.244"/>
  <testcase classname="testcases.radiology_testcase" name="performScrollOperation" time="0.610"/>
  <testcase classname="testcases.radiology_testcase" name="verifyToolTipText" time="0.668"/>
  <testcase classname="testcases.radiology_testcase" name="verifyDatesAreRemeberedCorrectly" time="2.564"/>
</testsuite> <!-- testcases.radiology_testcase -->
